CRITICAL - 2026-06-17 06:06:00 --> CodeIgniter\View\Exceptions\ViewException: Invalid file: "data_view.php"
[Method: GET, Route: test]
in SYSTEMPATH/Exceptions/FrameworkException.php on line 39.
 1 SYSTEMPATH/View/View.php(228): CodeIgniter\Exceptions\FrameworkException::forInvalidFile()
 2 SYSTEMPATH/Common.php(1250): CodeIgniter\View\View->render()
 3 APPPATH/Controllers/TestController.php(24): view()
 4 SYSTEMPATH/CodeIgniter.php(951): App\Controllers\TestController->index()
 5 SYSTEMPATH/CodeIgniter.php(497): CodeIgniter\CodeIgniter->runController()
 6 SYSTEMPATH/CodeIgniter.php(340): CodeIgniter\CodeIgniter->handleRequest()
 7 SYSTEMPATH/Boot.php(417): CodeIgniter\CodeIgniter->run()
 8 SYSTEMPATH/Boot.php(68): CodeIgniter\Boot::runCodeIgniter()
 9 FCPATH/index.php(59): CodeIgniter\Boot::bootWeb()
10 SYSTEMPATH/rewrite.php(44): require_once('/home/miora/Documents/4SI/TP17Juin/supermarche/public/index.php')
CRITICAL - 2026-06-17 06:06:01 --> CodeIgniter\View\Exceptions\ViewException: Invalid file: "data_view.php"
[Method: GET, Route: test]
in SYSTEMPATH/Exceptions/FrameworkException.php on line 39.
 1 SYSTEMPATH/View/View.php(228): CodeIgniter\Exceptions\FrameworkException::forInvalidFile()
 2 SYSTEMPATH/Common.php(1250): CodeIgniter\View\View->render()
 3 APPPATH/Controllers/TestController.php(24): view()
 4 SYSTEMPATH/CodeIgniter.php(951): App\Controllers\TestController->index()
 5 SYSTEMPATH/CodeIgniter.php(497): CodeIgniter\CodeIgniter->runController()
 6 SYSTEMPATH/CodeIgniter.php(340): CodeIgniter\CodeIgniter->handleRequest()
 7 SYSTEMPATH/Boot.php(417): CodeIgniter\CodeIgniter->run()
 8 SYSTEMPATH/Boot.php(68): CodeIgniter\Boot::runCodeIgniter()
 9 FCPATH/index.php(59): CodeIgniter\Boot::bootWeb()
10 SYSTEMPATH/rewrite.php(44): require_once('/home/miora/Documents/4SI/TP17Juin/supermarche/public/index.php')
DEBUG - 2026-06-17 06:30:13 --> Session: Class initialized using 'CodeIgniter\Session\Handlers\FileHandler' driver.
DEBUG - 2026-06-17 06:30:13 --> Session: Class initialized using 'CodeIgniter\Session\Handlers\FileHandler' driver.
ERROR - 2026-06-17 07:22:46 --> Error connecting to the database: Error: Class "SQLite3" not found in /home/armando/Documents/S3_S4/S4/Mr Rojo/TP17Juin/supermarche/system/Database/SQLite3/Connection.php:111
Stack trace:
#0 /home/armando/Documents/S3_S4/S4/Mr Rojo/TP17Juin/supermarche/system/Database/BaseConnection.php(555): CodeIgniter\Database\SQLite3\Connection->connect()
#1 /home/armando/Documents/S3_S4/S4/Mr Rojo/TP17Juin/supermarche/system/Database/SQLite3/Connection.php(74): CodeIgniter\Database\BaseConnection->initialize()
#2 /home/armando/Documents/S3_S4/S4/Mr Rojo/TP17Juin/supermarche/system/Database/BaseConnection.php(795): CodeIgniter\Database\SQLite3\Connection->initialize()
#3 /home/armando/Documents/S3_S4/S4/Mr Rojo/TP17Juin/supermarche/system/Database/BaseBuilder.php(1649): CodeIgniter\Database\BaseConnection->query()
#4 /home/armando/Documents/S3_S4/S4/Mr Rojo/TP17Juin/supermarche/system/Model.php(253): CodeIgniter\Database\BaseBuilder->get()
#5 /home/armando/Documents/S3_S4/S4/Mr Rojo/TP17Juin/supermarche/system/BaseModel.php(676): CodeIgniter\Model->doFindAll()
#6 /home/armando/Documents/S3_S4/S4/Mr Rojo/TP17Juin/supermarche/app/Controllers/Home.php(13): CodeIgniter\BaseModel->findAll()
#7 /home/armando/Documents/S3_S4/S4/Mr Rojo/TP17Juin/supermarche/system/CodeIgniter.php(951): App\Controllers\Home->index()
#8 /home/armando/Documents/S3_S4/S4/Mr Rojo/TP17Juin/supermarche/system/CodeIgniter.php(497): CodeIgniter\CodeIgniter->runController()
#9 /home/armando/Documents/S3_S4/S4/Mr Rojo/TP17Juin/supermarche/system/CodeIgniter.php(340): CodeIgniter\CodeIgniter->handleRequest()
#10 /home/armando/Documents/S3_S4/S4/Mr Rojo/TP17Juin/supermarche/system/Boot.php(417): CodeIgniter\CodeIgniter->run()
#11 /home/armando/Documents/S3_S4/S4/Mr Rojo/TP17Juin/supermarche/system/Boot.php(68): CodeIgniter\Boot::runCodeIgniter()
#12 /home/armando/Documents/S3_S4/S4/Mr Rojo/TP17Juin/supermarche/public/index.php(59): CodeIgniter\Boot::bootWeb()
#13 /home/armando/Documents/S3_S4/S4/Mr Rojo/TP17Juin/supermarche/system/rewrite.php(44): require_once('...')
#14 {main}
CRITICAL - 2026-06-17 07:22:46 --> CodeIgniter\Database\Exceptions\DatabaseException: Unable to connect to the database.
Main connection [SQLite3]: Class "SQLite3" not found
[Method: GET, Route: /]
in SYSTEMPATH/Database/BaseConnection.php on line 606.
 1 SYSTEMPATH/Database/SQLite3/Connection.php(74): CodeIgniter\Database\BaseConnection->initialize()
 2 SYSTEMPATH/Database/BaseConnection.php(795): CodeIgniter\Database\SQLite3\Connection->initialize()
 3 SYSTEMPATH/Database/BaseBuilder.php(1649): CodeIgniter\Database\BaseConnection->query()
 4 SYSTEMPATH/Model.php(253): CodeIgniter\Database\BaseBuilder->get()
 5 SYSTEMPATH/BaseModel.php(676): CodeIgniter\Model->doFindAll()
 6 APPPATH/Controllers/Home.php(13): CodeIgniter\BaseModel->findAll()
 7 SYSTEMPATH/CodeIgniter.php(951): App\Controllers\Home->index()
 8 SYSTEMPATH/CodeIgniter.php(497): CodeIgniter\CodeIgniter->runController()
 9 SYSTEMPATH/CodeIgniter.php(340): CodeIgniter\CodeIgniter->handleRequest()
10 SYSTEMPATH/Boot.php(417): CodeIgniter\CodeIgniter->run()
11 SYSTEMPATH/Boot.php(68): CodeIgniter\Boot::runCodeIgniter()
12 FCPATH/index.php(59): CodeIgniter\Boot::bootWeb()
13 SYSTEMPATH/rewrite.php(44): require_once('/home/armando/Documents/S3_S4/S4/Mr Rojo/TP17Juin/supermarche/public/index.php')
ERROR - 2026-06-17 07:23:05 --> Error connecting to the database: Error: Class "SQLite3" not found in /home/armando/Documents/S3_S4/S4/Mr Rojo/TP17Juin/supermarche/system/Database/SQLite3/Connection.php:111
Stack trace:
#0 /home/armando/Documents/S3_S4/S4/Mr Rojo/TP17Juin/supermarche/system/Database/BaseConnection.php(555): CodeIgniter\Database\SQLite3\Connection->connect()
#1 /home/armando/Documents/S3_S4/S4/Mr Rojo/TP17Juin/supermarche/system/Database/SQLite3/Connection.php(74): CodeIgniter\Database\BaseConnection->initialize()
#2 /home/armando/Documents/S3_S4/S4/Mr Rojo/TP17Juin/supermarche/system/Database/BaseConnection.php(795): CodeIgniter\Database\SQLite3\Connection->initialize()
#3 /home/armando/Documents/S3_S4/S4/Mr Rojo/TP17Juin/supermarche/system/Database/BaseBuilder.php(1649): CodeIgniter\Database\BaseConnection->query()
#4 /home/armando/Documents/S3_S4/S4/Mr Rojo/TP17Juin/supermarche/system/Model.php(253): CodeIgniter\Database\BaseBuilder->get()
#5 /home/armando/Documents/S3_S4/S4/Mr Rojo/TP17Juin/supermarche/system/BaseModel.php(676): CodeIgniter\Model->doFindAll()
#6 /home/armando/Documents/S3_S4/S4/Mr Rojo/TP17Juin/supermarche/app/Controllers/Home.php(13): CodeIgniter\BaseModel->findAll()
#7 /home/armando/Documents/S3_S4/S4/Mr Rojo/TP17Juin/supermarche/system/CodeIgniter.php(951): App\Controllers\Home->index()
#8 /home/armando/Documents/S3_S4/S4/Mr Rojo/TP17Juin/supermarche/system/CodeIgniter.php(497): CodeIgniter\CodeIgniter->runController()
#9 /home/armando/Documents/S3_S4/S4/Mr Rojo/TP17Juin/supermarche/system/CodeIgniter.php(340): CodeIgniter\CodeIgniter->handleRequest()
#10 /home/armando/Documents/S3_S4/S4/Mr Rojo/TP17Juin/supermarche/system/Boot.php(417): CodeIgniter\CodeIgniter->run()
#11 /home/armando/Documents/S3_S4/S4/Mr Rojo/TP17Juin/supermarche/system/Boot.php(68): CodeIgniter\Boot::runCodeIgniter()
#12 /home/armando/Documents/S3_S4/S4/Mr Rojo/TP17Juin/supermarche/public/index.php(59): CodeIgniter\Boot::bootWeb()
#13 /home/armando/Documents/S3_S4/S4/Mr Rojo/TP17Juin/supermarche/system/rewrite.php(44): require_once('...')
#14 {main}
CRITICAL - 2026-06-17 07:23:05 --> CodeIgniter\Database\Exceptions\DatabaseException: Unable to connect to the database.
Main connection [SQLite3]: Class "SQLite3" not found
[Method: GET, Route: /]
in SYSTEMPATH/Database/BaseConnection.php on line 606.
 1 SYSTEMPATH/Database/SQLite3/Connection.php(74): CodeIgniter\Database\BaseConnection->initialize()
 2 SYSTEMPATH/Database/BaseConnection.php(795): CodeIgniter\Database\SQLite3\Connection->initialize()
 3 SYSTEMPATH/Database/BaseBuilder.php(1649): CodeIgniter\Database\BaseConnection->query()
 4 SYSTEMPATH/Model.php(253): CodeIgniter\Database\BaseBuilder->get()
 5 SYSTEMPATH/BaseModel.php(676): CodeIgniter\Model->doFindAll()
 6 APPPATH/Controllers/Home.php(13): CodeIgniter\BaseModel->findAll()
 7 SYSTEMPATH/CodeIgniter.php(951): App\Controllers\Home->index()
 8 SYSTEMPATH/CodeIgniter.php(497): CodeIgniter\CodeIgniter->runController()
 9 SYSTEMPATH/CodeIgniter.php(340): CodeIgniter\CodeIgniter->handleRequest()
10 SYSTEMPATH/Boot.php(417): CodeIgniter\CodeIgniter->run()
11 SYSTEMPATH/Boot.php(68): CodeIgniter\Boot::runCodeIgniter()
12 FCPATH/index.php(59): CodeIgniter\Boot::bootWeb()
13 SYSTEMPATH/rewrite.php(44): require_once('/home/armando/Documents/S3_S4/S4/Mr Rojo/TP17Juin/supermarche/public/index.php')
ERROR - 2026-06-17 07:23:09 --> Error connecting to the database: Error: Class "SQLite3" not found in /home/armando/Documents/S3_S4/S4/Mr Rojo/TP17Juin/supermarche/system/Database/SQLite3/Connection.php:111
Stack trace:
#0 /home/armando/Documents/S3_S4/S4/Mr Rojo/TP17Juin/supermarche/system/Database/BaseConnection.php(555): CodeIgniter\Database\SQLite3\Connection->connect()
#1 /home/armando/Documents/S3_S4/S4/Mr Rojo/TP17Juin/supermarche/system/Database/SQLite3/Connection.php(74): CodeIgniter\Database\BaseConnection->initialize()
#2 /home/armando/Documents/S3_S4/S4/Mr Rojo/TP17Juin/supermarche/system/Database/BaseConnection.php(795): CodeIgniter\Database\SQLite3\Connection->initialize()
#3 /home/armando/Documents/S3_S4/S4/Mr Rojo/TP17Juin/supermarche/app/Controllers/SeedController.php(17): CodeIgniter\Database\BaseConnection->query()
#4 /home/armando/Documents/S3_S4/S4/Mr Rojo/TP17Juin/supermarche/system/CodeIgniter.php(951): App\Controllers\SeedController->index()
#5 /home/armando/Documents/S3_S4/S4/Mr Rojo/TP17Juin/supermarche/system/CodeIgniter.php(497): CodeIgniter\CodeIgniter->runController()
#6 /home/armando/Documents/S3_S4/S4/Mr Rojo/TP17Juin/supermarche/system/CodeIgniter.php(340): CodeIgniter\CodeIgniter->handleRequest()
#7 /home/armando/Documents/S3_S4/S4/Mr Rojo/TP17Juin/supermarche/system/Boot.php(417): CodeIgniter\CodeIgniter->run()
#8 /home/armando/Documents/S3_S4/S4/Mr Rojo/TP17Juin/supermarche/system/Boot.php(68): CodeIgniter\Boot::runCodeIgniter()
#9 /home/armando/Documents/S3_S4/S4/Mr Rojo/TP17Juin/supermarche/public/index.php(59): CodeIgniter\Boot::bootWeb()
#10 /home/armando/Documents/S3_S4/S4/Mr Rojo/TP17Juin/supermarche/system/rewrite.php(44): require_once('...')
#11 {main}
CRITICAL - 2026-06-17 07:23:09 --> CodeIgniter\Database\Exceptions\DatabaseException: Unable to connect to the database.
Main connection [SQLite3]: Class "SQLite3" not found
[Method: GET, Route: seed]
in SYSTEMPATH/Database/BaseConnection.php on line 606.
 1 SYSTEMPATH/Database/SQLite3/Connection.php(74): CodeIgniter\Database\BaseConnection->initialize()
 2 SYSTEMPATH/Database/BaseConnection.php(795): CodeIgniter\Database\SQLite3\Connection->initialize()
 3 APPPATH/Controllers/SeedController.php(17): CodeIgniter\Database\BaseConnection->query()
 4 SYSTEMPATH/CodeIgniter.php(951): App\Controllers\SeedController->index()
 5 SYSTEMPATH/CodeIgniter.php(497): CodeIgniter\CodeIgniter->runController()
 6 SYSTEMPATH/CodeIgniter.php(340): CodeIgniter\CodeIgniter->handleRequest()
 7 SYSTEMPATH/Boot.php(417): CodeIgniter\CodeIgniter->run()
 8 SYSTEMPATH/Boot.php(68): CodeIgniter\Boot::runCodeIgniter()
 9 FCPATH/index.php(59): CodeIgniter\Boot::bootWeb()
10 SYSTEMPATH/rewrite.php(44): require_once('/home/armando/Documents/S3_S4/S4/Mr Rojo/TP17Juin/supermarche/public/index.php')
ERROR - 2026-06-17 07:29:23 --> Error connecting to the database: Error: Class "SQLite3" not found in /home/armando/Documents/S3_S4/S4/Mr Rojo/TP17Juin/supermarche/system/Database/SQLite3/Connection.php:111
Stack trace:
#0 /home/armando/Documents/S3_S4/S4/Mr Rojo/TP17Juin/supermarche/system/Database/BaseConnection.php(555): CodeIgniter\Database\SQLite3\Connection->connect()
#1 /home/armando/Documents/S3_S4/S4/Mr Rojo/TP17Juin/supermarche/system/Database/SQLite3/Connection.php(74): CodeIgniter\Database\BaseConnection->initialize()
#2 /home/armando/Documents/S3_S4/S4/Mr Rojo/TP17Juin/supermarche/system/Database/BaseConnection.php(795): CodeIgniter\Database\SQLite3\Connection->initialize()
#3 /home/armando/Documents/S3_S4/S4/Mr Rojo/TP17Juin/supermarche/app/Controllers/SeedController.php(17): CodeIgniter\Database\BaseConnection->query()
#4 /home/armando/Documents/S3_S4/S4/Mr Rojo/TP17Juin/supermarche/system/CodeIgniter.php(951): App\Controllers\SeedController->index()
#5 /home/armando/Documents/S3_S4/S4/Mr Rojo/TP17Juin/supermarche/system/CodeIgniter.php(497): CodeIgniter\CodeIgniter->runController()
#6 /home/armando/Documents/S3_S4/S4/Mr Rojo/TP17Juin/supermarche/system/CodeIgniter.php(340): CodeIgniter\CodeIgniter->handleRequest()
#7 /home/armando/Documents/S3_S4/S4/Mr Rojo/TP17Juin/supermarche/system/Boot.php(417): CodeIgniter\CodeIgniter->run()
#8 /home/armando/Documents/S3_S4/S4/Mr Rojo/TP17Juin/supermarche/system/Boot.php(68): CodeIgniter\Boot::runCodeIgniter()
#9 /home/armando/Documents/S3_S4/S4/Mr Rojo/TP17Juin/supermarche/public/index.php(59): CodeIgniter\Boot::bootWeb()
#10 /home/armando/Documents/S3_S4/S4/Mr Rojo/TP17Juin/supermarche/system/rewrite.php(44): require_once('...')
#11 {main}
CRITICAL - 2026-06-17 07:29:23 --> CodeIgniter\Database\Exceptions\DatabaseException: Unable to connect to the database.
Main connection [SQLite3]: Class "SQLite3" not found
[Method: GET, Route: seed]
in SYSTEMPATH/Database/BaseConnection.php on line 606.
 1 SYSTEMPATH/Database/SQLite3/Connection.php(74): CodeIgniter\Database\BaseConnection->initialize()
 2 SYSTEMPATH/Database/BaseConnection.php(795): CodeIgniter\Database\SQLite3\Connection->initialize()
 3 APPPATH/Controllers/SeedController.php(17): CodeIgniter\Database\BaseConnection->query()
 4 SYSTEMPATH/CodeIgniter.php(951): App\Controllers\SeedController->index()
 5 SYSTEMPATH/CodeIgniter.php(497): CodeIgniter\CodeIgniter->runController()
 6 SYSTEMPATH/CodeIgniter.php(340): CodeIgniter\CodeIgniter->handleRequest()
 7 SYSTEMPATH/Boot.php(417): CodeIgniter\CodeIgniter->run()
 8 SYSTEMPATH/Boot.php(68): CodeIgniter\Boot::runCodeIgniter()
 9 FCPATH/index.php(59): CodeIgniter\Boot::bootWeb()
10 SYSTEMPATH/rewrite.php(44): require_once('/home/armando/Documents/S3_S4/S4/Mr Rojo/TP17Juin/supermarche/public/index.php')
ERROR - 2026-06-17 07:32:12 --> Error connecting to the database: Error: Class "SQLite3" not found in /home/armando/Documents/S3_S4/S4/Mr Rojo/TP17Juin/supermarche/system/Database/SQLite3/Connection.php:111
Stack trace:
#0 /home/armando/Documents/S3_S4/S4/Mr Rojo/TP17Juin/supermarche/system/Database/BaseConnection.php(555): CodeIgniter\Database\SQLite3\Connection->connect()
#1 /home/armando/Documents/S3_S4/S4/Mr Rojo/TP17Juin/supermarche/system/Database/SQLite3/Connection.php(74): CodeIgniter\Database\BaseConnection->initialize()
#2 /home/armando/Documents/S3_S4/S4/Mr Rojo/TP17Juin/supermarche/system/Database/BaseConnection.php(795): CodeIgniter\Database\SQLite3\Connection->initialize()
#3 /home/armando/Documents/S3_S4/S4/Mr Rojo/TP17Juin/supermarche/system/Database/BaseConnection.php(1706): CodeIgniter\Database\BaseConnection->query()
#4 /home/armando/Documents/S3_S4/S4/Mr Rojo/TP17Juin/supermarche/system/Database/BaseConnection.php(1726): CodeIgniter\Database\BaseConnection->listTables()
#5 /home/armando/Documents/S3_S4/S4/Mr Rojo/TP17Juin/supermarche/system/Database/MigrationRunner.php(821): CodeIgniter\Database\BaseConnection->tableExists()
#6 /home/armando/Documents/S3_S4/S4/Mr Rojo/TP17Juin/supermarche/system/Database/MigrationRunner.php(173): CodeIgniter\Database\MigrationRunner->ensureTable()
#7 /home/armando/Documents/S3_S4/S4/Mr Rojo/TP17Juin/supermarche/system/Commands/Database/Migrate.php(89): CodeIgniter\Database\MigrationRunner->latest()
#8 /home/armando/Documents/S3_S4/S4/Mr Rojo/TP17Juin/supermarche/system/CLI/SignalTrait.php(245): CodeIgniter\Commands\Database\Migrate::CodeIgniter\Commands\Database\{closure}()
#9 /home/armando/Documents/S3_S4/S4/Mr Rojo/TP17Juin/supermarche/system/Commands/Database/Migrate.php(88): CodeIgniter\Commands\Database\Migrate->withSignalsBlocked()
#10 /home/armando/Documents/S3_S4/S4/Mr Rojo/TP17Juin/supermarche/system/CLI/Commands.php(74): CodeIgniter\Commands\Database\Migrate->run()
#11 /home/armando/Documents/S3_S4/S4/Mr Rojo/TP17Juin/supermarche/system/CLI/Console.php(47): CodeIgniter\CLI\Commands->run()
#12 /home/armando/Documents/S3_S4/S4/Mr Rojo/TP17Juin/supermarche/system/Boot.php(442): CodeIgniter\CLI\Console->run()
#13 /home/armando/Documents/S3_S4/S4/Mr Rojo/TP17Juin/supermarche/system/Boot.php(166): CodeIgniter\Boot::runCommand()
#14 /home/armando/Documents/S3_S4/S4/Mr Rojo/TP17Juin/supermarche/spark(87): CodeIgniter\Boot::bootSpark()
#15 {main}
ERROR - 2026-06-17 07:32:27 --> Error connecting to the database: Error: Class "SQLite3" not found in /home/armando/Documents/S3_S4/S4/Mr Rojo/TP17Juin/supermarche/system/Database/SQLite3/Connection.php:111
Stack trace:
#0 /home/armando/Documents/S3_S4/S4/Mr Rojo/TP17Juin/supermarche/system/Database/BaseConnection.php(555): CodeIgniter\Database\SQLite3\Connection->connect()
#1 /home/armando/Documents/S3_S4/S4/Mr Rojo/TP17Juin/supermarche/system/Database/SQLite3/Connection.php(74): CodeIgniter\Database\BaseConnection->initialize()
#2 /home/armando/Documents/S3_S4/S4/Mr Rojo/TP17Juin/supermarche/system/Database/BaseConnection.php(795): CodeIgniter\Database\SQLite3\Connection->initialize()
#3 /home/armando/Documents/S3_S4/S4/Mr Rojo/TP17Juin/supermarche/system/Database/BaseConnection.php(1706): CodeIgniter\Database\BaseConnection->query()
#4 /home/armando/Documents/S3_S4/S4/Mr Rojo/TP17Juin/supermarche/system/Commands/Database/ShowTableInfo.php(121): CodeIgniter\Database\BaseConnection->listTables()
#5 /home/armando/Documents/S3_S4/S4/Mr Rojo/TP17Juin/supermarche/system/CLI/Commands.php(74): CodeIgniter\Commands\Database\ShowTableInfo->run()
#6 /home/armando/Documents/S3_S4/S4/Mr Rojo/TP17Juin/supermarche/system/CLI/Console.php(47): CodeIgniter\CLI\Commands->run()
#7 /home/armando/Documents/S3_S4/S4/Mr Rojo/TP17Juin/supermarche/system/Boot.php(442): CodeIgniter\CLI\Console->run()
#8 /home/armando/Documents/S3_S4/S4/Mr Rojo/TP17Juin/supermarche/system/Boot.php(166): CodeIgniter\Boot::runCommand()
#9 /home/armando/Documents/S3_S4/S4/Mr Rojo/TP17Juin/supermarche/spark(87): CodeIgniter\Boot::bootSpark()
#10 {main}
CRITICAL - 2026-06-17 07:32:27 --> CodeIgniter\Database\Exceptions\DatabaseException: Unable to connect to the database.
Main connection [SQLite3]: Class "SQLite3" not found
[Method: CLI, Route: db:table]
in SYSTEMPATH/Database/BaseConnection.php on line 606.
 1 SYSTEMPATH/Database/SQLite3/Connection.php(74): CodeIgniter\Database\BaseConnection->initialize()
 2 SYSTEMPATH/Database/BaseConnection.php(795): CodeIgniter\Database\SQLite3\Connection->initialize()
 3 SYSTEMPATH/Database/BaseConnection.php(1706): CodeIgniter\Database\BaseConnection->query()
 4 SYSTEMPATH/Commands/Database/ShowTableInfo.php(121): CodeIgniter\Database\BaseConnection->listTables()
 5 SYSTEMPATH/CLI/Commands.php(74): CodeIgniter\Commands\Database\ShowTableInfo->run()
 6 SYSTEMPATH/CLI/Console.php(47): CodeIgniter\CLI\Commands->run()
 7 SYSTEMPATH/Boot.php(442): CodeIgniter\CLI\Console->run()
 8 SYSTEMPATH/Boot.php(166): CodeIgniter\Boot::runCommand()
 9 ROOTPATH/spark(87): CodeIgniter\Boot::bootSpark()
DEBUG - 2026-06-17 07:38:18 --> Session: Class initialized using 'CodeIgniter\Session\Handlers\FileHandler' driver.
DEBUG - 2026-06-17 07:38:18 --> Session: Class initialized using 'CodeIgniter\Session\Handlers\FileHandler' driver.
DEBUG - 2026-06-17 07:41:47 --> Session: Class initialized using 'CodeIgniter\Session\Handlers\FileHandler' driver.
DEBUG - 2026-06-17 07:41:47 --> Session: Class initialized using 'CodeIgniter\Session\Handlers\FileHandler' driver.
DEBUG - 2026-06-17 07:42:21 --> Session: Class initialized using 'CodeIgniter\Session\Handlers\FileHandler' driver.
DEBUG - 2026-06-17 07:42:21 --> Session: Class initialized using 'CodeIgniter\Session\Handlers\FileHandler' driver.
DEBUG - 2026-06-17 07:42:28 --> Session: Class initialized using 'CodeIgniter\Session\Handlers\FileHandler' driver.
DEBUG - 2026-06-17 07:43:06 --> Session: Class initialized using 'CodeIgniter\Session\Handlers\FileHandler' driver.
DEBUG - 2026-06-17 07:43:06 --> Session: Class initialized using 'CodeIgniter\Session\Handlers\FileHandler' driver.
DEBUG - 2026-06-17 07:43:06 --> Session: Class initialized using 'CodeIgniter\Session\Handlers\FileHandler' driver.
DEBUG - 2026-06-17 07:44:00 --> Session: Class initialized using 'CodeIgniter\Session\Handlers\FileHandler' driver.
DEBUG - 2026-06-17 07:44:09 --> Session: Class initialized using 'CodeIgniter\Session\Handlers\FileHandler' driver.
DEBUG - 2026-06-17 07:44:09 --> Session: Class initialized using 'CodeIgniter\Session\Handlers\FileHandler' driver.
DEBUG - 2026-06-17 07:50:52 --> Session: Class initialized using 'CodeIgniter\Session\Handlers\FileHandler' driver.
DEBUG - 2026-06-17 07:51:01 --> Session: Class initialized using 'CodeIgniter\Session\Handlers\FileHandler' driver.
DEBUG - 2026-06-17 07:51:01 --> Session: Class initialized using 'CodeIgniter\Session\Handlers\FileHandler' driver.
DEBUG - 2026-06-17 07:51:13 --> Session: Class initialized using 'CodeIgniter\Session\Handlers\FileHandler' driver.
DEBUG - 2026-06-17 07:51:13 --> Session: Class initialized using 'CodeIgniter\Session\Handlers\FileHandler' driver.
DEBUG - 2026-06-17 07:51:44 --> Session: Class initialized using 'CodeIgniter\Session\Handlers\FileHandler' driver.
DEBUG - 2026-06-17 07:51:53 --> Session: Class initialized using 'CodeIgniter\Session\Handlers\FileHandler' driver.
DEBUG - 2026-06-17 07:51:53 --> Session: Class initialized using 'CodeIgniter\Session\Handlers\FileHandler' driver.
DEBUG - 2026-06-17 07:52:23 --> Session: Class initialized using 'CodeIgniter\Session\Handlers\FileHandler' driver.
DEBUG - 2026-06-17 07:52:31 --> Session: Class initialized using 'CodeIgniter\Session\Handlers\FileHandler' driver.
DEBUG - 2026-06-17 07:53:30 --> Session: Class initialized using 'CodeIgniter\Session\Handlers\FileHandler' driver.
DEBUG - 2026-06-17 07:53:30 --> Session: Class initialized using 'CodeIgniter\Session\Handlers\FileHandler' driver.
DEBUG - 2026-06-17 07:53:36 --> Session: Class initialized using 'CodeIgniter\Session\Handlers\FileHandler' driver.
DEBUG - 2026-06-17 07:53:36 --> Session: Class initialized using 'CodeIgniter\Session\Handlers\FileHandler' driver.
DEBUG - 2026-06-17 07:57:10 --> Session: Class initialized using 'CodeIgniter\Session\Handlers\FileHandler' driver.
DEBUG - 2026-06-17 07:57:10 --> Session: Class initialized using 'CodeIgniter\Session\Handlers\FileHandler' driver.
DEBUG - 2026-06-17 07:57:14 --> Session: Class initialized using 'CodeIgniter\Session\Handlers\FileHandler' driver.
DEBUG - 2026-06-17 07:57:14 --> Session: Class initialized using 'CodeIgniter\Session\Handlers\FileHandler' driver.
DEBUG - 2026-06-17 07:57:28 --> Session: Class initialized using 'CodeIgniter\Session\Handlers\FileHandler' driver.
DEBUG - 2026-06-17 07:57:28 --> Session: Class initialized using 'CodeIgniter\Session\Handlers\FileHandler' driver.
DEBUG - 2026-06-17 08:02:52 --> Session: Class initialized using 'CodeIgniter\Session\Handlers\FileHandler' driver.
DEBUG - 2026-06-17 08:02:52 --> Session: Class initialized using 'CodeIgniter\Session\Handlers\FileHandler' driver.
DEBUG - 2026-06-17 08:02:56 --> Session: Class initialized using 'CodeIgniter\Session\Handlers\FileHandler' driver.
DEBUG - 2026-06-17 08:02:56 --> Session: Class initialized using 'CodeIgniter\Session\Handlers\FileHandler' driver.
DEBUG - 2026-06-17 08:03:03 --> Session: Class initialized using 'CodeIgniter\Session\Handlers\FileHandler' driver.
DEBUG - 2026-06-17 08:03:03 --> Session: Class initialized using 'CodeIgniter\Session\Handlers\FileHandler' driver.
ERROR - 2026-06-17 08:29:23 --> table `produit` already exists
in SYSTEMPATH/Database/SQLite3/Connection.php on line 163.
 1 SYSTEMPATH/Database/SQLite3/Connection.php(163): SQLite3->exec()
 2 SYSTEMPATH/Database/BaseConnection.php(910): CodeIgniter\Database\SQLite3\Connection->execute()
 3 SYSTEMPATH/Database/BaseConnection.php(827): CodeIgniter\Database\BaseConnection->simpleQuery()
 4 SYSTEMPATH/Database/Forge.php(570): CodeIgniter\Database\BaseConnection->query()
 5 APPPATH/Database/Migrations/2026-06-17-055341_CreateProduitTable.php(29): CodeIgniter\Database\Forge->createTable()
 6 SYSTEMPATH/Database/MigrationRunner.php(1014): App\Database\Migrations\CreateProduitTable->up()
 7 SYSTEMPATH/Database/MigrationRunner.php(202): CodeIgniter\Database\MigrationRunner->migrate()
 8 SYSTEMPATH/Commands/Database/Migrate.php(89): CodeIgniter\Database\MigrationRunner->latest()
 9 SYSTEMPATH/CLI/SignalTrait.php(245): CodeIgniter\Commands\Database\Migrate::CodeIgniter\Commands\Database\{closure}()
10 SYSTEMPATH/Commands/Database/Migrate.php(88): CodeIgniter\Commands\Database\Migrate->withSignalsBlocked()
11 SYSTEMPATH/CLI/Commands.php(74): CodeIgniter\Commands\Database\Migrate->run()
12 SYSTEMPATH/CLI/BaseCommand.php(119): CodeIgniter\CLI\Commands->run()
13 SYSTEMPATH/Commands/Database/MigrateRefresh.php(91): CodeIgniter\CLI\BaseCommand->call()
14 SYSTEMPATH/CLI/SignalTrait.php(245): CodeIgniter\Commands\Database\MigrateRefresh->CodeIgniter\Commands\Database\{closure}()
15 SYSTEMPATH/Commands/Database/MigrateRefresh.php(89): CodeIgniter\Commands\Database\MigrateRefresh->withSignalsBlocked()
16 SYSTEMPATH/CLI/Commands.php(74): CodeIgniter\Commands\Database\MigrateRefresh->run()
17 SYSTEMPATH/CLI/Console.php(47): CodeIgniter\CLI\Commands->run()
18 SYSTEMPATH/Boot.php(442): CodeIgniter\CLI\Console->run()
19 SYSTEMPATH/Boot.php(166): CodeIgniter\Boot::runCommand()
20 ROOTPATH/spark(87): CodeIgniter\Boot::bootSpark()
DEBUG - 2026-06-17 08:36:34 --> Session: Class initialized using 'CodeIgniter\Session\Handlers\FileHandler' driver.
DEBUG - 2026-06-17 08:36:38 --> Session: Class initialized using 'CodeIgniter\Session\Handlers\FileHandler' driver.
DEBUG - 2026-06-17 08:36:38 --> Session: Class initialized using 'CodeIgniter\Session\Handlers\FileHandler' driver.
DEBUG - 2026-06-17 08:36:42 --> Session: Class initialized using 'CodeIgniter\Session\Handlers\FileHandler' driver.
DEBUG - 2026-06-17 08:36:42 --> Session: Class initialized using 'CodeIgniter\Session\Handlers\FileHandler' driver.
DEBUG - 2026-06-17 08:36:54 --> Session: Class initialized using 'CodeIgniter\Session\Handlers\FileHandler' driver.
DEBUG - 2026-06-17 08:36:54 --> Session: Class initialized using 'CodeIgniter\Session\Handlers\FileHandler' driver.
DEBUG - 2026-06-17 08:37:30 --> Session: Class initialized using 'CodeIgniter\Session\Handlers\FileHandler' driver.
DEBUG - 2026-06-17 08:37:30 --> Session: Class initialized using 'CodeIgniter\Session\Handlers\FileHandler' driver.
DEBUG - 2026-06-17 08:38:51 --> Session: Class initialized using 'CodeIgniter\Session\Handlers\FileHandler' driver.
DEBUG - 2026-06-17 08:38:54 --> Session: Class initialized using 'CodeIgniter\Session\Handlers\FileHandler' driver.
DEBUG - 2026-06-17 08:38:54 --> Session: Class initialized using 'CodeIgniter\Session\Handlers\FileHandler' driver.
DEBUG - 2026-06-17 08:38:59 --> Session: Class initialized using 'CodeIgniter\Session\Handlers\FileHandler' driver.
DEBUG - 2026-06-17 08:38:59 --> Session: Class initialized using 'CodeIgniter\Session\Handlers\FileHandler' driver.
DEBUG - 2026-06-17 08:39:05 --> Session: Class initialized using 'CodeIgniter\Session\Handlers\FileHandler' driver.
DEBUG - 2026-06-17 08:39:05 --> Session: Class initialized using 'CodeIgniter\Session\Handlers\FileHandler' driver.
DEBUG - 2026-06-17 08:39:16 --> Session: Class initialized using 'CodeIgniter\Session\Handlers\FileHandler' driver.
DEBUG - 2026-06-17 08:39:17 --> Session: Class initialized using 'CodeIgniter\Session\Handlers\FileHandler' driver.
DEBUG - 2026-06-17 08:54:59 --> Session: Class initialized using 'CodeIgniter\Session\Handlers\FileHandler' driver.
DEBUG - 2026-06-17 08:54:59 --> Session: Class initialized using 'CodeIgniter\Session\Handlers\FileHandler' driver.
DEBUG - 2026-06-17 08:54:59 --> Session: Class initialized using 'CodeIgniter\Session\Handlers\FileHandler' driver.
DEBUG - 2026-06-17 08:54:59 --> Session: Class initialized using 'CodeIgniter\Session\Handlers\FileHandler' driver.
DEBUG - 2026-06-17 08:55:00 --> Session: Class initialized using 'CodeIgniter\Session\Handlers\FileHandler' driver.
DEBUG - 2026-06-17 08:55:00 --> Session: Class initialized using 'CodeIgniter\Session\Handlers\FileHandler' driver.
DEBUG - 2026-06-17 08:55:00 --> Session: Class initialized using 'CodeIgniter\Session\Handlers\FileHandler' driver.
DEBUG - 2026-06-17 08:55:17 --> Session: Class initialized using 'CodeIgniter\Session\Handlers\FileHandler' driver.
DEBUG - 2026-06-17 08:55:17 --> Session: Class initialized using 'CodeIgniter\Session\Handlers\FileHandler' driver.
DEBUG - 2026-06-17 08:55:17 --> Session: Class initialized using 'CodeIgniter\Session\Handlers\FileHandler' driver.
DEBUG - 2026-06-17 08:55:17 --> Session: Class initialized using 'CodeIgniter\Session\Handlers\FileHandler' driver.
DEBUG - 2026-06-17 08:55:43 --> Session: Class initialized using 'CodeIgniter\Session\Handlers\FileHandler' driver.
DEBUG - 2026-06-17 08:56:01 --> Session: Class initialized using 'CodeIgniter\Session\Handlers\FileHandler' driver.
DEBUG - 2026-06-17 08:56:01 --> Session: Class initialized using 'CodeIgniter\Session\Handlers\FileHandler' driver.
DEBUG - 2026-06-17 08:56:01 --> Session: Class initialized using 'CodeIgniter\Session\Handlers\FileHandler' driver.
DEBUG - 2026-06-17 08:56:01 --> Session: Class initialized using 'CodeIgniter\Session\Handlers\FileHandler' driver.
DEBUG - 2026-06-17 08:56:58 --> Session: Class initialized using 'CodeIgniter\Session\Handlers\FileHandler' driver.
DEBUG - 2026-06-17 08:57:13 --> Session: Class initialized using 'CodeIgniter\Session\Handlers\FileHandler' driver.
DEBUG - 2026-06-17 08:57:24 --> Session: Class initialized using 'CodeIgniter\Session\Handlers\FileHandler' driver.
DEBUG - 2026-06-17 08:58:02 --> Session: Class initialized using 'CodeIgniter\Session\Handlers\FileHandler' driver.
DEBUG - 2026-06-17 08:58:15 --> Session: Class initialized using 'CodeIgniter\Session\Handlers\FileHandler' driver.
DEBUG - 2026-06-17 08:58:15 --> Session: Class initialized using 'CodeIgniter\Session\Handlers\FileHandler' driver.
DEBUG - 2026-06-17 09:01:39 --> Session: Class initialized using 'CodeIgniter\Session\Handlers\FileHandler' driver.
DEBUG - 2026-06-17 09:01:45 --> Session: Class initialized using 'CodeIgniter\Session\Handlers\FileHandler' driver.
DEBUG - 2026-06-17 09:01:45 --> Session: Class initialized using 'CodeIgniter\Session\Handlers\FileHandler' driver.
DEBUG - 2026-06-17 09:03:51 --> Session: Class initialized using 'CodeIgniter\Session\Handlers\FileHandler' driver.
DEBUG - 2026-06-17 09:03:51 --> Session: Class initialized using 'CodeIgniter\Session\Handlers\FileHandler' driver.
DEBUG - 2026-06-17 09:03:55 --> Session: Class initialized using 'CodeIgniter\Session\Handlers\FileHandler' driver.
DEBUG - 2026-06-17 09:03:55 --> Session: Class initialized using 'CodeIgniter\Session\Handlers\FileHandler' driver.
DEBUG - 2026-06-17 09:03:57 --> Session: Class initialized using 'CodeIgniter\Session\Handlers\FileHandler' driver.
DEBUG - 2026-06-17 09:03:57 --> Session: Class initialized using 'CodeIgniter\Session\Handlers\FileHandler' driver.
DEBUG - 2026-06-17 09:04:01 --> Session: Class initialized using 'CodeIgniter\Session\Handlers\FileHandler' driver.
DEBUG - 2026-06-17 09:04:01 --> Session: Class initialized using 'CodeIgniter\Session\Handlers\FileHandler' driver.
DEBUG - 2026-06-17 09:04:05 --> Session: Class initialized using 'CodeIgniter\Session\Handlers\FileHandler' driver.
DEBUG - 2026-06-17 09:04:05 --> Session: Class initialized using 'CodeIgniter\Session\Handlers\FileHandler' driver.
DEBUG - 2026-06-17 09:04:08 --> Session: Class initialized using 'CodeIgniter\Session\Handlers\FileHandler' driver.
DEBUG - 2026-06-17 09:04:08 --> Session: Class initialized using 'CodeIgniter\Session\Handlers\FileHandler' driver.
DEBUG - 2026-06-17 09:04:12 --> Session: Class initialized using 'CodeIgniter\Session\Handlers\FileHandler' driver.
DEBUG - 2026-06-17 09:04:12 --> Session: Class initialized using 'CodeIgniter\Session\Handlers\FileHandler' driver.
DEBUG - 2026-06-17 09:04:16 --> Session: Class initialized using 'CodeIgniter\Session\Handlers\FileHandler' driver.
DEBUG - 2026-06-17 09:04:16 --> Session: Class initialized using 'CodeIgniter\Session\Handlers\FileHandler' driver.
DEBUG - 2026-06-17 09:04:19 --> Session: Class initialized using 'CodeIgniter\Session\Handlers\FileHandler' driver.
DEBUG - 2026-06-17 09:04:19 --> Session: Class initialized using 'CodeIgniter\Session\Handlers\FileHandler' driver.
DEBUG - 2026-06-17 09:04:28 --> Session: Class initialized using 'CodeIgniter\Session\Handlers\FileHandler' driver.
DEBUG - 2026-06-17 09:04:28 --> Session: Class initialized using 'CodeIgniter\Session\Handlers\FileHandler' driver.
DEBUG - 2026-06-17 09:04:30 --> Session: Class initialized using 'CodeIgniter\Session\Handlers\FileHandler' driver.
DEBUG - 2026-06-17 09:04:30 --> Session: Class initialized using 'CodeIgniter\Session\Handlers\FileHandler' driver.
DEBUG - 2026-06-17 09:04:34 --> Session: Class initialized using 'CodeIgniter\Session\Handlers\FileHandler' driver.
DEBUG - 2026-06-17 09:04:34 --> Session: Class initialized using 'CodeIgniter\Session\Handlers\FileHandler' driver.
